0 verbose cli C:\Program Files\nodejs\node.exe C:\Users\sri45\AppData\Roaming\npm\node_modules\npm\bin\npm-cli.js
1 info using npm@10.2.1
2 info using node@v18.18.2
3 timing npm:load:whichnode Completed in 3ms
4 timing config:load:defaults Completed in 3ms
5 timing config:load:file:C:\Users\sri45\AppData\Roaming\npm\node_modules\npm\npmrc Completed in 5ms
6 timing config:load:builtin Completed in 6ms
7 timing config:load:cli Completed in 3ms
8 timing config:load:env Completed in 1ms
9 timing config:load:file:c:\Users\sri45\OneDrive\Desktop\GoingGreen\GROUP6\green-app\.npmrc Completed in 0ms
10 timing config:load:project Completed in 2ms
11 timing config:load:file:C:\Users\sri45\.npmrc Completed in 0ms
12 timing config:load:user Completed in 0ms
13 timing config:load:file:C:\Users\sri45\AppData\Roaming\npm\etc\npmrc Completed in 1ms
14 timing config:load:global Completed in 1ms
15 timing config:load:setEnvs Completed in 2ms
16 timing config:load Completed in 19ms
17 timing npm:load:configload Completed in 19ms
18 timing config:load:flatten Completed in 3ms
19 timing npm:load:mkdirpcache Completed in 0ms
20 timing npm:load:mkdirplogs Completed in 0ms
21 verbose title npm view web-vitals description dist-tags.latest homepage version time
22 verbose argv "view" "--json" "--" "web-vitals" "description" "dist-tags.latest" "homepage" "version" "time"
23 timing npm:load:setTitle Completed in 2ms
24 timing npm:load:display Completed in 1ms
25 verbose logfile logs-max:10 dir:c:\Users\sri45\OneDrive\Desktop\GoingGreen\GROUP6\green-app\.npm-cache\_logs\2023-11-12T21_01_20_176Z-
26 verbose logfile c:\Users\sri45\OneDrive\Desktop\GoingGreen\GROUP6\green-app\.npm-cache\_logs\2023-11-12T21_01_20_176Z-debug-0.log
27 timing npm:load:logFile Completed in 14ms
28 timing npm:load:timers Completed in 0ms
29 timing npm:load:configScope Completed in 0ms
30 timing npm:load Completed in 70ms
31 silly logfile start cleaning logs, removing 3 files
32 silly logfile error removing log file C:\Users\sri45\OneDrive\Desktop\GoingGreen\GROUP6\green-app\.npm-cache\_logs\2023-11-12T17_45_00_917Z-debug-0.log [Error: EPERM: operation not permitted, lstat 'C:\Users\sri45\OneDrive\Desktop\GoingGreen\GROUP6\green-app\.npm-cache\_logs\2023-11-12T17_45_00_917Z-debug-0.log'] {
32 silly logfile   errno: -4048,
32 silly logfile   code: 'EPERM',
32 silly logfile   syscall: 'lstat',
32 silly logfile   path: 'C:\\Users\\sri45\\OneDrive\\Desktop\\GoingGreen\\GROUP6\\green-app\\.npm-cache\\_logs\\2023-11-12T17_45_00_917Z-debug-0.log'
32 silly logfile }
33 silly logfile done cleaning log files
34 http fetch GET 200 https://registry.npmjs.org/web-vitals 286ms (cache miss)
35 timing command:view Completed in 312ms
36 verbose exit 0
37 timing npm Completed in 688ms
38 info ok
